#
# There is insufficient memory for the Java Runtime Environment to continue.
# Native memory allocation (malloc) failed to allocate 1504336 bytes for Chunk::new
# Possible reasons:
#   The system is out of physical RAM or swap space
#   The process is running with CompressedOops enabled, and the Java Heap may be blocking the growth of the native heap
# Possible solutions:
#   Reduce memory load on the system
#   Increase physical memory or swap space
#   Check if swap backing store is full
#   Decrease Java heap size (-Xmx/-Xms)
#   Decrease number of Java threads
#   Decrease Java thread stack sizes (-Xss)
#   Set larger code cache with -XX:ReservedCodeCacheSize=
#   JVM is running with Unscaled Compressed Oops mode in which the Java heap is
#     placed in the first 4GB address space. The Java Heap base address is the
#     maximum limit for the native heap growth. Please use -XX:HeapBaseMinAddress
#     to set the Java Heap base and to place the Java Heap above 4GB virtual address.
# This output file may be truncated or incomplete.
#
#  Out of Memory Error (allocation.cpp:389), pid=16204, tid=0x00000000000024d8
#
# JRE version: OpenJDK Runtime Environment (8.0_242-b01) (build 1.8.0_242-release-1644-b01)
# Java VM: OpenJDK 64-Bit Server VM (25.242-b01 mixed mode windows-amd64 compressed oops)
# Failed to write core dump. Minidumps are not enabled by default on client versions of Windows
#

---------------  T H R E A D  ---------------

Current thread (0x0000000017ce3800):  JavaThread "C2 CompilerThread0" daemon [_thread_in_native, id=9432, stack(0x0000000018d20000,0x0000000018e20000)]

Stack: [0x0000000018d20000,0x0000000018e20000]
[error occurred during error reporting (printing stack bounds), id 0xc0000005]

Native frames: (J=compiled Java code, j=interpreted, Vv=VM code, C=native code)


Current CompileTask:
C2: 499054 13534       4       org.objectweb.asm.ClassReader::readMethod (1047 bytes)


---------------  P R O C E S S  ---------------

Java Threads: ( => current thread )
  0x000000001db67000 JavaThread "Cache worker for execution history cache (C:\Users\Denys\AndroidStudioProjects\TagsKotlinProject\.gradle\6.9\executionHistory)" [_thread_blocked, id=12432, stack(0x000000001f170000,0x000000001f270000)]
  0x000000001db60000 JavaThread "Memory manager" [_thread_blocked, id=4432, stack(0x000000002a7c0000,0x000000002a8c0000)]
  0x0000000019571800 JavaThread "Build operations Thread 2" [_thread_in_Java, id=10260, stack(0x000000001eb20000,0x000000001ec20000)]
  0x0000000019564000 JavaThread "Build operations" [_thread_in_native, id=9136, stack(0x000000001bd80000,0x000000001be80000)]
  0x0000000019566800 JavaThread "Cache worker for Build Output Cleanup Cache (C:\Users\Denys\AndroidStudioProjects\TagsKotlinProject\.gradle\buildOutputCleanup)" [_thread_blocked, id=5860, stack(0x0000000002fc0000,0x00000000030c0000)]
  0x0000000019563800 JavaThread "Cache worker for file content cache (C:\Users\Denys\.gradle\caches\6.9\fileContent)" [_thread_blocked, id=13004, stack(0x0000000021320000,0x0000000021420000)]
  0x0000000019565800 JavaThread "Cache worker for execution history cache (C:\Users\Denys\.gradle\caches\6.9\executionHistory)" [_thread_blocked, id=15164, stack(0x0000000020a20000,0x0000000020b20000)]
  0x000000001a046800 JavaThread "Cache worker for cache directory md-rule (C:\Users\Denys\.gradle\caches\6.9\md-rule)" [_thread_blocked, id=10952, stack(0x0000000020920000,0x0000000020a20000)]
  0x000000001a046000 JavaThread "Cache worker for cache directory md-supplier (C:\Users\Denys\.gradle\caches\6.9\md-supplier)" [_thread_blocked, id=7056, stack(0x0000000020620000,0x0000000020720000)]
  0x000000001a045000 JavaThread "Cache worker for checksums cache (C:\Users\Denys\AndroidStudioProjects\TagsKotlinProject\.gradle\checksums)" [_thread_blocked, id=14876, stack(0x0000000020520000,0x0000000020620000)]
  0x000000001c9b1000 JavaThread "Cache worker for file hash cache (C:\Users\Denys\AndroidStudioProjects\TagsKotlinProject\.gradle\6.9\fileHashes)" [_thread_blocked, id=6688, stack(0x000000001e820000,0x000000001e920000)]
  0x000000001c9b0000 JavaThread "Cache worker for journal cache (C:\Users\Denys\.gradle\caches\journal-1)" [_thread_blocked, id=15456, stack(0x000000001e520000,0x000000001e620000)]
  0x000000001c9ad000 JavaThread "File lock request listener" [_thread_in_native, id=12464, stack(0x000000001e220000,0x000000001e320000)]
  0x000000001c686000 JavaThread "Cache worker for file hash cache (C:\Users\Denys\.gradle\caches\6.9\fileHashes)" [_thread_blocked, id=5844, stack(0x000000001e120000,0x000000001e220000)]
  0x000000001a833000 JavaThread "Daemon client event forwarder" [_thread_blocked, id=2920, stack(0x000000001be80000,0x000000001bf80000)]
  0x000000001a81d000 JavaThread "Asynchronous log dispatcher for DefaultDaemonConnection: socket connection from /127.0.0.1:64048 to /127.0.0.1:64049" [_thread_blocked, id=11200, stack(0x000000001bc80000,0x000000001bd80000)]
  0x0000000019aa3800 JavaThread "Daemon worker" [_thread_blocked, id=7392, stack(0x000000001bb80000,0x000000001bc80000)]
  0x0000000019d1e000 JavaThread "Cancel handler" [_thread_blocked, id=11660, stack(0x000000001ba80000,0x000000001bb80000)]
  0x00000000194cc800 JavaThread "Handler for socket connection from /127.0.0.1:64048 to /127.0.0.1:64049" [_thread_in_native, id=16812, stack(0x000000001b980000,0x000000001ba80000)]
  0x000000001a7f4000 JavaThread "Daemon" [_thread_blocked, id=16876, stack(0x000000001b880000,0x000000001b980000)]
  0x000000001a7df800 JavaThread "Daemon periodic checks" [_thread_blocked, id=7532, stack(0x000000001b580000,0x000000001b680000)]
  0x0000000019294000 JavaThread "Incoming local TCP Connector on port 64048" [_thread_in_native, id=17168, stack(0x000000001b330000,0x000000001b430000)]
  0x000000001a66e000 JavaThread "Daemon health stats" [_thread_blocked, id=7396, stack(0x000000001aef0000,0x000000001aff0000)]
  0x0000000017d33000 JavaThread "Service Thread" daemon [_thread_blocked, id=12588, stack(0x0000000018f20000,0x0000000019020000)]
  0x0000000017ce7000 JavaThread "C1 CompilerThread1" daemon [_thread_blocked, id=4200, stack(0x0000000018e20000,0x0000000018f20000)]
=>0x0000000017ce3800 JavaThread "C2 CompilerThread0" daemon [_thread_in_native, id=9432, stack(0x0000000018d20000,0x0000000018e20000)]
  0x0000000017ce2000 JavaThread "Attach Listener" daemon [_thread_blocked, id=15676, stack(0x0000000018c20000,0x0000000018d20000)]
  0x0000000017cdf000 JavaThread "Signal Dispatcher" daemon [_thread_blocked, id=13492, stack(0x0000000018b20000,0x0000000018c20000)]
  0x00000000032f2800 JavaThread "Finalizer" daemon [_thread_blocked, id=10936, stack(0x0000000018910000,0x0000000018a10000)]
  0x0000000017cc7000 JavaThread "Reference Handler" daemon [_thread_blocked, id=10024, stack(0x0000000018810000,0x0000000018910000)]
  0x00000000030fe000 JavaThread "main" [_thread_blocked, id=8320, stack(0x0000000003100000,0x0000000003200000)]

Other Threads:
  0x0000000017ca5800 VMThread [stack: 0x0000000018710000,0x0000000018810000] [id=2100]
  0x0000000017d4f000 WatcherThread [stack: 0x0000000019020000,0x0000000019120000] [id=17324]

VM state:not at safepoint (normal execution)

VM Mutex/Monitor currently owned by a thread: None

heap address: 0x0000000080000000, size: 2048 MB, Compressed Oops mode: 32-bit
Narrow klass base: 0x0000000000000000, Narrow klass shift: 3
Compressed class space size: 1073741824 Address: 0x0000000100000000

Heap:
 PSYoungGen      total 675840K, used 641101K [0x00000000d5580000, 0x00000000ffd80000, 0x0000000100000000)
  eden space 658432K, 97% used [0x00000000d5580000,0x00000000fc7934d8,0x00000000fd880000)
  from space 17408K, 0% used [0x00000000fec80000,0x00000000fec80000,0x00000000ffd80000)
  to   space 18944K, 0% used [0x00000000fd880000,0x00000000fd880000,0x00000000feb00000)
 ParOldGen       total 80384K, used 30818K [0x0000000080000000, 0x0000000084e80000, 0x00000000d5580000)
  object space 80384K, 38% used [0x0000000080000000,0x0000000081e188b8,0x0000000084e80000)
 Metaspace       used 82392K, capacity 86466K, committed 86744K, reserved 1124352K
  class space    used 10725K, capacity 11492K, committed 11520K, reserved 1048576K

Card table byte_map: [0x00000000126c0000,0x0000000012ad0000] byte_map_base: 0x00000000122c0000

Marking Bits: (ParMarkBitMap*) 0x000000006eebf030
 Begin Bits: [0x0000000012f80000, 0x0000000014f80000)
 End Bits:   [0x0000000014f80000, 0x0000000016f80000)

Polling page: 0x0000000001750000

CodeCache: size=245760Kb used=39797Kb max_used=39797Kb free=205963Kb
 bounds [0x0000000003300000, 0x0000000005a20000, 0x0000000012300000]
 total_blobs=11712 nmethods=10839 adapters=786
 compilation: enabled

Compilation events (10 events):
Event: 497.516 Thread 0x0000000017ce7000 nmethod 13529 0x0000000005a0d290 code [0x0000000005a0d400, 0x0000000005a0d748]
Event: 497.517 Thread 0x0000000017ce3800 13530       4       org.objectweb.asm.AnnotationVisitor::<init> (47 bytes)
Event: 497.518 Thread 0x0000000017ce3800 nmethod 13530 0x0000000005a0a250 code [0x0000000005a0a3a0, 0x0000000005a0a498]
Event: 497.525 Thread 0x0000000017ce3800 13531       4       org.objectweb.asm.ClassReader::getFirstAttributeOffset (136 bytes)
Event: 497.540 Thread 0x0000000017ce3800 nmethod 13531 0x0000000005a0b310 code [0x0000000005a0b460, 0x0000000005a0b918]
Event: 497.671 Thread 0x0000000017ce3800 13532       4       org.objectweb.asm.commons.MethodRemapper::visitFieldInsn (34 bytes)
Event: 497.782 Thread 0x0000000017ce3800 nmethod 13532 0x0000000005a106d0 code [0x0000000005a10b00, 0x0000000005a11890]
Event: 498.485 Thread 0x0000000017ce7000 13533       3       org.objectweb.asm.signature.SignatureReader::parseType (411 bytes)
Event: 498.488 Thread 0x0000000017ce7000 nmethod 13533 0x0000000005a12d50 code [0x0000000005a130c0, 0x0000000005a14b38]
Event: 498.508 Thread 0x0000000017ce3800 13534       4       org.objectweb.asm.ClassReader::readMethod (1047 bytes)

GC Heap History (10 events):
Event: 329.911 GC heap before
{Heap before GC invocations=47 (full 2):
 PSYoungGen      total 639488K, used 626752K [0x00000000d5580000, 0x00000000fe080000, 0x0000000100000000)
  eden space 623616K, 100% used [0x00000000d5580000,0x00000000fb680000,0x00000000fb680000)
  from space 15872K, 19% used [0x00000000fd100000,0x00000000fd410010,0x00000000fe080000)
  to   space 21504K, 0% used [0x00000000fb680000,0x00000000fb680000,0x00000000fcb80000)
 ParOldGen       total 54272K, used 37750K [0x0000000080000000, 0x0000000083500000, 0x00000000d5580000)
  object space 54272K, 69% used [0x0000000080000000,0x00000000824dda70,0x0000000083500000)
 Metaspace       used 51793K, capacity 54064K, committed 54144K, reserved 1095680K
  class space    used 6568K, capacity 6979K, committed 7040K, reserved 1048576K
Event: 329.966 GC heap after
Heap after GC invocations=47 (full 2):
 PSYoungGen      total 645120K, used 2880K [0x00000000d5580000, 0x0000000100000000, 0x0000000100000000)
  eden space 623616K, 0% used [0x00000000d5580000,0x00000000d5580000,0x00000000fb680000)
  from space 21504K, 13% used [0x00000000fb680000,0x00000000fb950010,0x00000000fcb80000)
  to   space 20992K, 0% used [0x00000000feb80000,0x00000000feb80000,0x0000000100000000)
 ParOldGen       total 54272K, used 37966K [0x0000000080000000, 0x0000000083500000, 0x00000000d5580000)
  object space 54272K, 69% used [0x0000000080000000,0x0000000082513a70,0x0000000083500000)
 Metaspace       used 51793K, capacity 54064K, committed 54144K, reserved 1095680K
  class space    used 6568K, capacity 6979K, committed 7040K, reserved 1048576K
}
Event: 334.928 GC heap before
{Heap before GC invocations=48 (full 2):
 PSYoungGen      total 645120K, used 626496K [0x00000000d5580000, 0x0000000100000000, 0x0000000100000000)
  eden space 623616K, 100% used [0x00000000d5580000,0x00000000fb680000,0x00000000fb680000)
  from space 21504K, 13% used [0x00000000fb680000,0x00000000fb950010,0x00000000fcb80000)
  to   space 20992K, 0% used [0x00000000feb80000,0x00000000feb80000,0x0000000100000000)
 ParOldGen       total 54272K, used 37966K [0x0000000080000000, 0x0000000083500000, 0x00000000d5580000)
  object space 54272K, 69% used [0x0000000080000000,0x0000000082513a70,0x0000000083500000)
 Metaspace       used 51794K, capacity 54064K, committed 54144K, reserved 1095680K
  class space    used 6568K, capacity 6979K, committed 7040K, reserved 1048576K
Event: 334.959 GC heap after
Heap after GC invocations=48 (full 2):
 PSYoungGen      total 675840K, used 4320K [0x00000000d5580000, 0x00000000ffe80000, 0x0000000100000000)
  eden space 656384K, 0% used [0x00000000d5580000,0x00000000d5580000,0x00000000fd680000)
  from space 19456K, 22% used [0x00000000feb80000,0x00000000fefb8010,0x00000000ffe80000)
  to   space 20480K, 0% used [0x00000000fd680000,0x00000000fd680000,0x00000000fea80000)
 ParOldGen       total 54272K, used 40702K [0x0000000080000000, 0x0000000083500000, 0x00000000d5580000)
  object space 54272K, 74% used [0x0000000080000000,0x00000000827bfa90,0x0000000083500000)
 Metaspace       used 51794K, capacity 54064K, committed 54144K, reserved 1095680K
  class space    used 6568K, capacity 6979K, committed 7040K, reserved 1048576K
}
Event: 348.189 GC heap before
{Heap before GC invocations=49 (full 2):
 PSYoungGen      total 675840K, used 660704K [0x00000000d5580000, 0x00000000ffe80000, 0x0000000100000000)
  eden space 656384K, 100% used [0x00000000d5580000,0x00000000fd680000,0x00000000fd680000)
  from space 19456K, 22% used [0x00000000feb80000,0x00000000fefb8010,0x00000000ffe80000)
  to   space 20480K, 0% used [0x00000000fd680000,0x00000000fd680000,0x00000000fea80000)
 ParOldGen       total 54272K, used 40702K [0x0000000080000000, 0x0000000083500000, 0x00000000d5580000)
  object space 54272K, 74% used [0x0000000080000000,0x00000000827bfa90,0x0000000083500000)
 Metaspace       used 51826K, capacity 54132K, committed 54400K, reserved 1097728K
  class space    used 6568K, capacity 6979K, committed 7040K, reserved 1048576K
Event: 348.331 GC heap after
Heap after GC invocations=49 (full 2):
 PSYoungGen      total 676864K, used 4658K [0x00000000d5580000, 0x0000000100000000, 0x0000000100000000)
  eden space 656384K, 0% used [0x00000000d5580000,0x00000000d5580000,0x00000000fd680000)
  from space 20480K, 22% used [0x00000000fd680000,0x00000000fdb0c970,0x00000000fea80000)
  to   space 19968K, 0% used [0x00000000fec80000,0x00000000fec80000,0x0000000100000000)
 ParOldGen       total 54272K, used 41546K [0x0000000080000000, 0x0000000083500000, 0x00000000d5580000)
  object space 54272K, 76% used [0x0000000080000000,0x0000000082892ab0,0x0000000083500000)
 Metaspace       used 51826K, capacity 54132K, committed 54400K, reserved 1097728K
  class space    used 6568K, capacity 6979K, committed 7040K, reserved 1048576K
}
Event: 363.361 GC heap before
{Heap before GC invocations=50 (full 2):
 PSYoungGen      total 676864K, used 413464K [0x00000000d5580000, 0x0000000100000000, 0x0000000100000000)
  eden space 656384K, 62% used [0x00000000d5580000,0x00000000ee4b98a8,0x00000000fd680000)
  from space 20480K, 22% used [0x00000000fd680000,0x00000000fdb0c970,0x00000000fea80000)
  to   space 19968K, 0% used [0x00000000fec80000,0x00000000fec80000,0x0000000100000000)
 ParOldGen       total 54272K, used 41546K [0x0000000080000000, 0x0000000083500000, 0x00000000d5580000)
  object space 54272K, 76% used [0x0000000080000000,0x0000000082892ab0,0x0000000083500000)
 Metaspace       used 56549K, capacity 59000K, committed 59096K, reserved 1101824K
  class space    used 7169K, capacity 7625K, committed 7680K, reserved 1048576K
Event: 363.395 GC heap after
Heap after GC invocations=50 (full 2):
 PSYoungGen      total 675840K, used 5971K [0x00000000d5580000, 0x00000000ffd80000, 0x0000000100000000)
  eden space 658432K, 0% used [0x00000000d5580000,0x00000000d5580000,0x00000000fd880000)
  from space 17408K, 34% used [0x00000000fec80000,0x00000000ff254f48,0x00000000ffd80000)
  to   space 18944K, 0% used [0x00000000fd880000,0x00000000fd880000,0x00000000feb00000)
 ParOldGen       total 54272K, used 41970K [0x0000000080000000, 0x0000000083500000, 0x00000000d5580000)
  object space 54272K, 77% used [0x0000000080000000,0x00000000828fcab0,0x0000000083500000)
 Metaspace       used 56549K, capacity 59000K, committed 59096K, reserved 1101824K
  class space    used 7169K, capacity 7625K, committed 7680K, reserved 1048576K
}
Event: 363.395 GC heap before
{Heap before GC invocations=51 (full 3):
 PSYoungGen      total 675840K, used 5971K [0x00000000d5580000, 0x00000000ffd80000, 0x0000000100000000)
  eden space 658432K, 0% used [0x00000000d5580000,0x00000000d5580000,0x00000000fd880000)
  from space 17408K, 34% used [0x00000000fec80000,0x00000000ff254f48,0x00000000ffd80000)
  to   space 18944K, 0% used [0x00000000fd880000,0x00000000fd880000,0x00000000feb00000)
 ParOldGen       total 54272K, used 41970K [0x0000000080000000, 0x0000000083500000, 0x00000000d5580000)
  object space 54272K, 77% used [0x0000000080000000,0x00000000828fcab0,0x0000000083500000)
 Metaspace       used 56549K, capacity 59000K, committed 59096K, reserved 1101824K
  class space    used 7169K, capacity 7625K, committed 7680K, reserved 1048576K
Event: 365.175 GC heap after
Heap after GC invocations=51 (full 3):
 PSYoungGen      total 675840K, used 0K [0x00000000d5580000, 0x00000000ffd80000, 0x0000000100000000)
  eden space 658432K, 0% used [0x00000000d5580000,0x00000000d5580000,0x00000000fd880000)
  from space 17408K, 0% used [0x00000000fec80000,0x00000000fec80000,0x00000000ffd80000)
  to   space 18944K, 0% used [0x00000000fd880000,0x00000000fd880000,0x00000000feb00000)
 ParOldGen       total 80384K, used 30818K [0x0000000080000000, 0x0000000084e80000, 0x00000000d5580000)
  object space 80384K, 38% used [0x0000000080000000,0x0000000081e188b8,0x0000000084e80000)
 Metaspace       used 56444K, capacity 58804K, committed 59096K, reserved 1101824K
  class space    used 7138K, capacity 7586K, committed 7680K, reserved 1048576K
}

Deoptimization events (10 events):
Event: 486.928 Thread 0x0000000019564000 Uncommon trap: reason=unstable_if action=reinterpret pc=0x0000000005871ce0 method=org.objectweb.asm.ByteVector.putInt(I)Lorg/objectweb/asm/ByteVector; @ 13
Event: 487.799 Thread 0x0000000019571800 Uncommon trap: reason=bimorphic action=maybe_recompile pc=0x000000000594a7d0 method=com.android.ide.common.symbols.SymbolTable$getSymbolByResourceType$$inlined$compareBy$1.compare(Ljava/lang/Object;Ljava/lang/Object;)I @ 13
Event: 487.799 Thread 0x0000000019571800 Uncommon trap: reason=bimorphic action=maybe_recompile pc=0x000000000594a7d0 method=com.android.ide.common.symbols.SymbolTable$getSymbolByResourceType$$inlined$compareBy$1.compare(Ljava/lang/Object;Ljava/lang/Object;)I @ 13
Event: 487.799 Thread 0x0000000019571800 Uncommon trap: reason=bimorphic action=maybe_recompile pc=0x000000000594a7d0 method=com.android.ide.common.symbols.SymbolTable$getSymbolByResourceType$$inlined$compareBy$1.compare(Ljava/lang/Object;Ljava/lang/Object;)I @ 13
Event: 487.799 Thread 0x0000000019571800 Uncommon trap: reason=bimorphic action=maybe_recompile pc=0x000000000594a7d0 method=com.android.ide.common.symbols.SymbolTable$getSymbolByResourceType$$inlined$compareBy$1.compare(Ljava/lang/Object;Ljava/lang/Object;)I @ 13
Event: 488.006 Thread 0x0000000019571800 Uncommon trap: reason=bimorphic action=maybe_recompile pc=0x0000000004dfbae8 method=java.io.BufferedOutputStream.flushBuffer()V @ 20
Event: 493.639 Thread 0x0000000019571800 Uncommon trap: reason=unstable_if action=reinterpret pc=0x000000000420bfa0 method=java.util.concurrent.ConcurrentHashMap.get(Ljava/lang/Object;)Ljava/lang/Object; @ 86
Event: 493.908 Thread 0x0000000019564000 Uncommon trap: reason=unstable_if action=reinterpret pc=0x0000000005997e64 method=org.objectweb.asm.SymbolTable.addConstant(Ljava/lang/Object;)Lorg/objectweb/asm/Symbol; @ 196
Event: 496.253 Thread 0x0000000019564000 Uncommon trap: reason=bimorphic action=maybe_recompile pc=0x0000000003ad3dcc method=java.io.FilterInputStream.read([BII)I @ 7
Event: 498.452 Thread 0x0000000019571800 Uncommon trap: reason=unstable_if action=reinterpret pc=0x00000000057cfce8 method=org.objectweb.asm.signature.SignatureReader.parseType(Ljava/lang/String;ILorg/objectweb/asm/signature/SignatureVisitor;)I @ 290

Classes redefined (0 events):
No events

Internal exceptions (10 events):
Event: 493.640 Thread 0x0000000019571800 Exception <a 'java/lang/NoSuchMethodError': java.lang.Object.lambda$flatMap$0(Ljava/lang/Throwable;)Lorg/gradle/api/internal/artifacts/transform/CacheableInvocation;> (0x00000000fa93bee8) thrown at [C:\src\AOSP-openjdk-git\hotspot\src\share\vm\interpreter
Event: 493.700 Thread 0x0000000019564000 Exception <a 'java/net/SocketTimeoutException': Read timed out> (0x00000000faa161c8) thrown at [C:\src\AOSP-openjdk-git\hotspot\src\share\vm\prims\jni.cpp, line 737]
Event: 493.715 Thread 0x0000000019571800 Exception <a 'java/net/SocketTimeoutException': Read timed out> (0x00000000fa9499f8) thrown at [C:\src\AOSP-openjdk-git\hotspot\src\share\vm\prims\jni.cpp, line 737]
Event: 493.914 Thread 0x0000000019564000 Exception <a 'sun/nio/fs/WindowsException'> (0x00000000facecd10) thrown at [C:\src\AOSP-openjdk-git\hotspot\src\share\vm\prims\jni.cpp, line 710]
Event: 494.237 Thread 0x0000000019571800 Exception <a 'sun/nio/fs/WindowsException'> (0x00000000faaf7990) thrown at [C:\src\AOSP-openjdk-git\hotspot\src\share\vm\prims\jni.cpp, line 710]
Event: 494.273 Thread 0x0000000019564000 Exception <a 'sun/nio/fs/WindowsException'> (0x00000000fad085b0) thrown at [C:\src\AOSP-openjdk-git\hotspot\src\share\vm\prims\jni.cpp, line 710]
Event: 494.452 Thread 0x0000000019571800 Exception <a 'java/net/SocketTimeoutException': Read timed out> (0x00000000fab47560) thrown at [C:\src\AOSP-openjdk-git\hotspot\src\share\vm\prims\jni.cpp, line 737]
Event: 494.577 Thread 0x0000000019564000 Exception <a 'java/net/SocketTimeoutException': Read timed out> (0x00000000fad44f60) thrown at [C:\src\AOSP-openjdk-git\hotspot\src\share\vm\prims\jni.cpp, line 737]
Event: 495.981 Thread 0x0000000019564000 Exception <a 'sun/nio/fs/WindowsException'> (0x00000000fae158e0) thrown at [C:\src\AOSP-openjdk-git\hotspot\src\share\vm\prims\jni.cpp, line 710]
Event: 497.373 Thread 0x0000000019564000 Exception <a 'sun/nio/fs/WindowsException'> (0x00000000faefbbf0) thrown at [C:\src\AOSP-openjdk-git\hotspot\src\share\vm\prims\jni.cpp, line 710]

Events (10 events):
Event: 494.524 Executing VM operation: RevokeBias done
Event: 496.253 Thread 0x0000000019564000 Uncommon trap: trap_request=0xffffffc6 fr.pc=0x0000000003ad3dcc
Event: 496.253 Thread 0x0000000019564000 DEOPT PACKING pc=0x0000000003ad3dcc sp=0x000000001be7b4a0
Event: 496.253 Thread 0x0000000019564000 DEOPT UNPACKING pc=0x000000000334557b sp=0x000000001be7b3d8 mode 2
Event: 496.669 Executing VM operation: BulkRevokeBias
Event: 496.682 Executing VM operation: BulkRevokeBias done
Event: 497.783 Thread 0x0000000017ce3800 flushing nmethod 0x0000000003447810
Event: 498.452 Thread 0x0000000019571800 Uncommon trap: trap_request=0xffffff65 fr.pc=0x00000000057cfce8
Event: 498.452 Thread 0x0000000019571800 DEOPT PACKING pc=0x00000000057cfce8 sp=0x000000001ec1aab0
Event: 498.452 Thread 0x0000000019571800 DEOPT UNPACKING pc=0x000000000334557b sp=0x000000001ec1aa88 mode 2


Dynamic libraries:
0x00007ff78aac0000 - 0x00007ff78aaf1000 	C:\Program Files\Android\Android Studio\jre\bin\java.exe
0x00007ffcea4d0000 - 0x00007ffcea6c5000 	C:\WINDOWS\SYSTEM32\ntdll.dll
0x00007ffcd67b0000 - 0x00007ffcd67c3000 	C:\Program Files\AVAST Software\Avast\aswhook.dll
0x00007ffce8540000 - 0x00007ffce85fd000 	C:\WINDOWS\System32\KERNEL32.DLL
0x00007ffce8240000 - 0x00007ffce8509000 	C:\WINDOWS\System32\KERNELBASE.dll
0x00007ffce9850000 - 0x00007ffce98fc000 	C:\WINDOWS\System32\ADVAPI32.dll
0x00007ffce8d70000 - 0x00007ffce8e0e000 	C:\WINDOWS\System32\msvcrt.dll
0x00007ffce8e50000 - 0x00007ffce8eeb000 	C:\WINDOWS\System32\sechost.dll
0x00007ffce8fa0000 - 0x00007ffce90ca000 	C:\WINDOWS\System32\RPCRT4.dll
0x00007ffce9bb0000 - 0x00007ffce9d50000 	C:\WINDOWS\System32\USER32.dll
0x00007ffce8510000 - 0x00007ffce8532000 	C:\WINDOWS\System32\win32u.dll
0x00007ffce8e10000 - 0x00007ffce8e3a000 	C:\WINDOWS\System32\GDI32.dll
0x00007ffce7e50000 - 0x00007ffce7f5b000 	C:\WINDOWS\System32\gdi32full.dll
0x00007ffce8010000 - 0x00007ffce80ad000 	C:\WINDOWS\System32\msvcp_win.dll
0x00007ffce8110000 - 0x00007ffce8210000 	C:\WINDOWS\System32\ucrtbase.dll
0x00007ffccd490000 - 0x00007ffccd72a000 	C:\WINDOWS\WinSxS\amd64_microsoft.windows.common-controls_6595b64144ccf1df_6.0.19041.1110_none_60b5254171f9507e\COMCTL32.dll
0x00007ffce95b0000 - 0x00007ffce95e0000 	C:\WINDOWS\System32\IMM32.DLL
0x0000000072500000 - 0x00000000725d2000 	C:\Program Files\Android\Android Studio\jre\jre\bin\msvcr100.dll
0x000000006e6f0000 - 0x000000006ef3b000 	C:\Program Files\Android\Android Studio\jre\jre\bin\server\jvm.dll
0x00007ffce8cc0000 - 0x00007ffce8cc8000 	C:\WINDOWS\System32\PSAPI.DLL
0x00007ffcdba10000 - 0x00007ffcdba37000 	C:\WINDOWS\SYSTEM32\WINMM.dll
0x00007ffcd79b0000 - 0x00007ffcd79b9000 	C:\WINDOWS\SYSTEM32\WSOCK32.dll
0x00007ffce90d0000 - 0x00007ffce913b000 	C:\WINDOWS\System32\WS2_32.dll
0x00007ffcdf590000 - 0x00007ffcdf59a000 	C:\WINDOWS\SYSTEM32\VERSION.dll
0x00007ffce29b0000 - 0x00007ffce29bf000 	C:\Program Files\Android\Android Studio\jre\jre\bin\verify.dll
0x00007ffcd3b60000 - 0x00007ffcd3b89000 	C:\Program Files\Android\Android Studio\jre\jre\bin\java.dll
0x00007ffce22a0000 - 0x00007ffce22b6000 	C:\Program Files\Android\Android Studio\jre\jre\bin\zip.dll
0x00007ffce9d50000 - 0x00007ffcea48f000 	C:\WINDOWS\System32\SHELL32.dll
0x00007ffce59e0000 - 0x00007ffce6171000 	C:\WINDOWS\SYSTEM32\windows.storage.dll
0x00007ffce88a0000 - 0x00007ffce8bf5000 	C:\WINDOWS\System32\combase.dll
0x00007ffce7610000 - 0x00007ffce763c000 	C:\WINDOWS\SYSTEM32\Wldp.dll
0x00007ffce8ef0000 - 0x00007ffce8f9e000 	C:\WINDOWS\System32\SHCORE.dll
0x00007ffce9b50000 - 0x00007ffce9ba5000 	C:\WINDOWS\System32\shlwapi.dll
0x00007ffce7b50000 - 0x00007ffce7b6f000 	C:\WINDOWS\SYSTEM32\profapi.dll
0x00007ffcde6f0000 - 0x00007ffcde70a000 	C:\Program Files\Android\Android Studio\jre\jre\bin\net.dll
0x00007ffce7310000 - 0x00007ffce737a000 	C:\WINDOWS\system32\mswsock.dll
0x00007ffcde230000 - 0x00007ffcde243000 	C:\Program Files\Android\Android Studio\jre\jre\bin\nio.dll
0x00007ffce0fc0000 - 0x00007ffce0fe7000 	C:\Users\Denys\.gradle\native\49d0259a56938c7f99b2704e745ce422c4f750a7a20b539a32ccef96729676b1\windows-amd64\native-platform.dll
0x00007ffcae440000 - 0x00007ffcae5d6000 	C:\Users\Denys\.gradle\native\12488b8bf47d2d4c9fbf2f6322a914ad602e24e48041cd04a747c6da556b65c4\windows-amd64\native-platform-file-events.dll
0x00007ffce0e20000 - 0x00007ffce0e2d000 	C:\Program Files\Android\Android Studio\jre\jre\bin\management.dll
0x00007ffce74f0000 - 0x00007ffce7508000 	C:\WINDOWS\SYSTEM32\CRYPTSP.dll
0x00007ffce6cb0000 - 0x00007ffce6ce4000 	C:\WINDOWS\system32\rsaenh.dll
0x00007ffce8210000 - 0x00007ffce8237000 	C:\WINDOWS\System32\bcrypt.dll
0x00007ffce7ad0000 - 0x00007ffce7afe000 	C:\WINDOWS\SYSTEM32\USERENV.dll
0x00007ffce7c10000 - 0x00007ffce7c93000 	C:\WINDOWS\System32\bcryptprimitives.dll
0x00007ffce7510000 - 0x00007ffce751c000 	C:\WINDOWS\SYSTEM32\CRYPTBASE.dll
0x00007ffce7000000 - 0x00007ffce703b000 	C:\WINDOWS\SYSTEM32\IPHLPAPI.DLL
0x00007ffce9840000 - 0x00007ffce9848000 	C:\WINDOWS\System32\NSI.dll
0x00007ffcdfba0000 - 0x00007ffcdfbb7000 	C:\WINDOWS\SYSTEM32\dhcpcsvc6.DLL
0x00007ffce0340000 - 0x00007ffce035d000 	C:\WINDOWS\SYSTEM32\dhcpcsvc.DLL
0x00007ffce7040000 - 0x00007ffce710c000 	C:\WINDOWS\SYSTEM32\DNSAPI.dll
0x00007ffcd2940000 - 0x00007ffcd2964000 	C:\Program Files\Android\Android Studio\jre\jre\bin\sunec.dll
0x00007ffce2980000 - 0x00007ffce298b000 	C:\Program Files\Android\Android Studio\jre\jre\bin\sunmscapi.dll
0x00007ffce7cf0000 - 0x00007ffce7e4f000 	C:\WINDOWS\System32\CRYPT32.dll
0x00007ffce0ef0000 - 0x00007ffce0efa000 	C:\Windows\System32\rasadhlp.dll
0x00007ffcd83b0000 - 0x00007ffcd842f000 	C:\WINDOWS\System32\fwpuclnt.dll
0x00007ffce69d0000 - 0x00007ffce6a03000 	C:\WINDOWS\SYSTEM32\ntmarta.dll

VM Arguments:
jvm_args: -Xmx2048m -Dfile.encoding=UTF-8 -Duser.country=RU -Duser.language=ru -Duser.variant 
java_command: org.gradle.launcher.daemon.bootstrap.GradleDaemon 6.9
java_class_path (initial): C:\Users\Denys\.gradle\wrapper\dists\gradle-6.9-all\dooywd8nv05k16orzxge2b1bs\gradle-6.9\lib\gradle-launcher-6.9.jar
Launcher Type: SUN_STANDARD

Environment Variables:
PATH=C:\Program Files (x86)\Common Files\Oracle\Java\javapath;C:\WINDOWS\system32;C:\WINDOWS;C:\WINDOWS\System32\Wbem;C:\WINDOWS\System32\WindowsPowerShell\v1.0\;C:\WINDOWS\System32\OpenSSH\;C:\Program Files (x86)\Calibre2\;C:\Program Files\Git\cmd;C:\Users\Denys\AppData\Local\Microsoft\WindowsApps
USERNAME=Denys
OS=Windows_NT
PROCESSOR_IDENTIFIER=AMD64 Family 21 Model 112 Stepping 0, AuthenticAMD



---------------  S Y S T E M  ---------------

OS: Windows 10.0 , 64 bit Build 19041 (10.0.19041.1023)

CPU:total 2 (initial active 2) (2 cores per cpu, 1 threads per core) family 21 model 112 stepping 0, cmov, cx8, fxsr, mmx, sse, sse2, sse3, ssse3, sse4.1, sse4.2, popcnt, avx, avx2, aes, clmul, mmxext, 3dnowpref, lzcnt, sse4a, tsc, tscinvbit, tscinv, bmi1

Memory: 4k page, physical 3570268k(247080k free), swap 14580316k(5308k free)

vm_info: OpenJDK 64-Bit Server VM (25.242-b01) for windows-amd64 JRE (1.8.0_242-release-1644-b01), built by "builder" with MS VC++ 10.0 (VS2010)

time: Wed Aug 04 18:38:22 2021
timezone: Финляндия (лето)
elapsed time: 499 seconds (0d 0h 8m 19s)

